

Microchip Technology PIC18 LITE Macro Assembler V1.44 build -154322312 
                                                                                               Tue Sep 03 16:58:23 2024

Microchip Technology Omniscient Code Generator v1.44 (Free mode) build 201709140600
     1                           	processor	18F45K20
     2                           	fnconf	rparam,??,?,0
     3                           	opt	pw 120
     4                           	opt	lm
     5                           	psect	cinit,global,reloc=2,class=CODE,delta=1
     6                           	psect	cstackCOMRAM,global,class=COMRAM,space=1,delta=1,noexec
     7                           	psect	text0,global,reloc=2,class=CODE,delta=1
     8                           	psect	intsave_regs,global,class=BIGRAM,space=1,delta=1,noexec
     9                           	psect	rparam,global,class=COMRAM,space=1,delta=1,noexec
    10  0000                     
    11                           ; Version 1.44
    12                           ; Generated 14/09/2017 GMT
    13                           ; 
    14                           ; Copyright © 2017, Microchip Technology Inc. and its subsidiaries ("Microchip")
    15                           ; All rights reserved.
    16                           ; 
    17                           ; This software is developed by Microchip Technology Inc. and its subsidiaries ("Microch
      +                          ip").
    18                           ; 
    19                           ; Redistribution and use in source and binary forms, with or without modification, are
    20                           ; permitted provided that the following conditions are met:
    21                           ; 
    22                           ;     1. Redistributions of source code must retain the above copyright notice, this lis
      +                          t of
    23                           ;        conditions and the following disclaimer.
    24                           ; 
    25                           ;     2. Redistributions in binary form must reproduce the above copyright notice, this 
      +                          list
    26                           ;        of conditions and the following disclaimer in the documentation and/or other
    27                           ;        materials provided with the distribution.
    28                           ; 
    29                           ;     3. Microchip's name may not be used to endorse or promote products derived from th
      +                          is
    30                           ;        software without specific prior written permission.
    31                           ; 
    32                           ; THIS SOFTWARE IS PROVIDED BY MICROCHIP "AS IS" AND ANY EXPRESS OR IMPLIED WARRANTIES,
    33                           ; INCLUDING, BUT NOT LIMITED TO, THE IMPLIED WARRANTIES OF MERCHANTABILITY AND FITNESS F
      +                          OR
    34                           ; PURPOSE ARE DISCLAIMED.  IN NO EVENT SHALL MICROCHIP BE LIABLE FOR ANY DIRECT, INDIREC
      +                          T,
    35                           ; INCIDENTAL, SPECIAL, EXEMPLARY, OR CONSEQUENTIAL DAMAGES (INCLUDING BUT NOT LIMITED TO
    36                           ; PROCUREMENT OF SUBSTITUTE GOODS OR SERVICES; LOSS OF USE, DATA OR PROFITS; OR BUSINESS
    37                           ; INTERRUPTION) HOWSOEVER CAUSED AND ON ANY THEORY OF LIABILITY, WHETHER IN CONTRACT, ST
      +                          RICT
    38                           ; LIABILITY, OR TORT (INCLUDING NEGLIGENCE OR OTHERWISE) ARISING IN ANY WAY OUT OF THE U
      +                          SE OF
    39                           ; THIS SOFTWARE, EVEN IF ADVISED OF THE POSSIBILITY OF SUCH DAMAGE.
    40                           ; 
    41                           ; 
    42                           ; Code-generator required, PIC18F45K20 Definitions
    43                           ; 
    44                           ; SFR Addresses
    45  0000                     _LATD	set	3980
    46  0000                     _OSCTUNEbits	set	3995
    47  0000                     _OSCCONbits	set	4051
    48  0000                     _PORTD	set	3971
    49  0000                     _TRISD	set	3989
    50                           
    51                           ; #config settings
    52  0000                     
    53                           	psect	cinit
    54  007FA8                     __pcinit:
    55                           	opt stack 0
    56  007FA8                     start_initialization:
    57                           	opt stack 0
    58  007FA8                     __initialization:
    59                           	opt stack 0
    60  007FA8                     end_of_initialization:
    61                           	opt stack 0
    62  007FA8                     __end_of__initialization:
    63                           	opt stack 0
    64  007FA8  0100               	movlb	0
    65  007FAA  EFD7  F03F         	goto	_main	;jump to C main() function
    66                           
    67                           	psect	cstackCOMRAM
    68  000001                     __pcstackCOMRAM:
    69                           	opt stack 0
    70  000001                     ??_main:
    71                           
    72                           ; 1 bytes @ 0x0
    73  000001                     	ds	2
    74  000003                     main@i:
    75                           	opt stack 0
    76                           
    77                           ; 2 bytes @ 0x2
    78  000003                     	ds	2
    79                           
    80 ;;
    81 ;;Main: autosize = 0, tempsize = 2, incstack = 0, save=0
    82 ;;
    83 ;; *************** function _main *****************
    84 ;; Defined at:
    85 ;;		line 38 in file "main.c"
    86 ;; Parameters:    Size  Location     Type
    87 ;;		None
    88 ;; Auto vars:     Size  Location     Type
    89 ;;  i               2    2[COMRAM] int 
    90 ;; Return value:  Size  Location     Type
    91 ;;                  1    wreg      void 
    92 ;; Registers used:
    93 ;;		wreg, status,2, status,0
    94 ;; Tracked objects:
    95 ;;		On entry : 0/0
    96 ;;		On exit  : 0/0
    97 ;;		Unchanged: 0/0
    98 ;; Data sizes:     COMRAM   BANK0   BANK1   BANK2   BANK3   BANK4   BANK5
    99 ;;      Params:         0       0       0       0       0       0       0
   100 ;;      Locals:         2       0       0       0       0       0       0
   101 ;;      Temps:          2       0       0       0       0       0       0
   102 ;;      Totals:         4       0       0       0       0       0       0
   103 ;;Total ram usage:        4 bytes
   104 ;; This function calls:
   105 ;;		Nothing
   106 ;; This function is called by:
   107 ;;		Startup code after reset
   108 ;; This function uses a non-reentrant model
   109 ;;
   110                           
   111                           	psect	text0
   112  007FAE                     __ptext0:
   113                           	opt stack 0
   114  007FAE                     _main:
   115                           	opt stack 31
   116                           
   117                           ;main.c: 39: TRISD = 0;
   118                           
   119                           ;incstack = 0
   120  007FAE  0E00               	movlw	0
   121  007FB0  6E95               	movwf	3989,c	;volatile
   122                           
   123                           ;main.c: 40: PORTD = 0;
   124  007FB2  0E00               	movlw	0
   125  007FB4  6E83               	movwf	3971,c	;volatile
   126                           
   127                           ;main.c: 41: int i = 0;
   128  007FB6  0E00               	movlw	0
   129  007FB8  6E04               	movwf	main@i+1,c
   130  007FBA  0E00               	movlw	0
   131  007FBC  6E03               	movwf	main@i,c
   132                           
   133                           ;main.c: 42: OSCCONbits.IRCF = 7;
   134  007FBE  88D3               	bsf	4051,4,c	;volatile
   135  007FC0  8AD3               	bsf	4051,5,c	;volatile
   136  007FC2  8CD3               	bsf	4051,6,c	;volatile
   137                           
   138                           ;main.c: 43: OSCTUNEbits.PLLEN = 1;
   139  007FC4  8C9B               	bsf	3995,6,c	;volatile
   140  007FC6                     l17:
   141                           
   142                           ;main.c: 45: for(i = 0; i < 255; i++){
   143  007FC6  0E00               	movlw	0
   144  007FC8  6E04               	movwf	main@i+1,c
   145  007FCA  0E00               	movlw	0
   146  007FCC  6E03               	movwf	main@i,c
   147  007FCE                     l650:
   148  007FCE  BE04               	btfsc	main@i+1,7,c
   149  007FD0  D005               	goto	l18
   150  007FD2  5004               	movf	main@i+1,w,c
   151  007FD4  E1F8               	bnz	l17
   152  007FD6  2803               	incf	main@i,w,c
   153  007FD8  B0D8               	btfsc	status,0,c
   154  007FDA  D7F5               	goto	l17
   155  007FDC                     l18:
   156                           
   157                           ;main.c: 46: LATD = i;
   158  007FDC  C003  FF8C         	movff	main@i,3980	;volatile
   159                           
   160                           ;main.c: 47: _delay((unsigned long)((1000)*(64000000/4000.0)));
   161  007FE0  0E52               	movlw	82
   162  007FE2  6E02               	movwf	(??_main+1)& (0+255),c
   163  007FE4  0E2B               	movlw	43
   164  007FE6  6E01               	movwf	??_main& (0+255),c
   165  007FE8  0E00               	movlw	0
   166  007FEA                     u37:
   167  007FEA  2EE8               	decfsz	wreg,f,c
   168  007FEC  D7FE               	bra	u37
   169  007FEE  2E01               	decfsz	??_main& (0+255),f,c
   170  007FF0  D7FC               	bra	u37
   171  007FF2  2E02               	decfsz	(??_main+1)& (0+255),f,c
   172  007FF4  D7FA               	bra	u37
   173  007FF6  F000 F000          	nop2	
   174  007FFA  4A03               	infsnz	main@i,f,c
   175  007FFC  2A04               	incf	main@i+1,f,c
   176  007FFE  D7E7               	goto	l650
   177  008000                     __end_of_main:
   178                           	opt stack 0
   179  0000                     wreg	equ	0xFE8
   180                           status	equ	0xFD8
   181                           wreg	equ	0xFE8
   182                           status	equ	0xFD8
   183                           
   184                           	psect	rparam
   185  0000                     wreg	equ	0xFE8
   186                           status	equ	0xFD8


Data Sizes:
    Strings     0
    Constant    0
    Data        0
    BSS         0
    Persistent  0
    Stack       0

Auto Spaces:
    Space          Size  Autos    Used
    COMRAM           95      4       4
    BANK0           160      0       0
    BANK1           256      0       0
    BANK2           256      0       0
    BANK3           256      0       0
    BANK4           256      0       0
    BANK5           256      0       0

Pointer List with Targets:

    None.

Critical Paths under _main in COMRAM

    None.

Critical Paths under _main in BANK0

    None.

Critical Paths under _main in BANK1

    None.

Critical Paths under _main in BANK2

    None.

Critical Paths under _main in BANK3

    None.

Critical Paths under _main in BANK4

    None.

Critical Paths under _main in BANK5

    None.

Call Graph Tables:

 ---------------------------------------------------------------------------------
 (Depth) Function   	        Calls       Base Space   Used Autos Params    Refs
 ---------------------------------------------------------------------------------
 (0) _main                                                 4     4      0      45
                                              0 COMRAM     4     4      0
 ---------------------------------------------------------------------------------
 Estimated maximum stack depth 0
 ---------------------------------------------------------------------------------

 Call Graph Graphs:

 _main (ROOT)

 Address spaces:
Name               Size   Autos  Total    Cost      Usage
BITCOMRAM           5F      0       0       0        0.0%
EEDATA             100      0       0       0        0.0%
NULL                 0      0       0       0        0.0%
CODE                 0      0       0       0        0.0%
COMRAM              5F      4       4       1        4.2%
STACK                0      0       0       2        0.0%
DATA                 0      0       0       3        0.0%
BITBANK0            A0      0       0       4        0.0%
BANK0               A0      0       0       5        0.0%
BITBANK1           100      0       0       6        0.0%
BANK1              100      0       0       7        0.0%
BITBANK2           100      0       0       8        0.0%
BANK2              100      0       0       9        0.0%
BITBANK3           100      0       0      10        0.0%
BANK3              100      0       0      11        0.0%
BITBANK4           100      0       0      12        0.0%
BANK4              100      0       0      13        0.0%
BANK5              100      0       0      14        0.0%
ABS                  0      0       0      15        0.0%
BITBANK5           100      0       0      16        0.0%
BIGRAM             5FF      0       0      17        0.0%
BITSFR               0      0       0     200        0.0%
SFR                  0      0       0     200        0.0%


Microchip Technology PIC18 Macro Assembler V1.44 build -154322312 
Symbol Table                                                                                   Tue Sep 03 16:58:23 2024

                     l17 7FC6                       l18 7FDC                       u37 7FEA  
                    l650 7FCE             __CFG_BORV$18 000000                      wreg 000FE8  
           __CFG_LVP$OFF 000000                     _LATD 000F8C                     _main 7FAE  
                   start 0000            __CFG_IESO$OFF 000000            __CFG_MCLRE$ON 000000  
           ___param_bank 000000                    ?_main 0001                    _PORTD 000F83  
                  _TRISD 000F95            __CFG_PWRT$OFF 000000           __CFG_FCMEN$OFF 000000  
                  main@i 0003                    status 000FD8           __CFG_HFOFST$ON 000000  
        __initialization 7FA8             __end_of_main 8000                   ??_main 0001  
          __activetblptr 000000           __CFG_WDTEN$OFF 000000           __CFG_XINST$OFF 000000  
         __CFG_STVREN$ON 000000               __accesstop 0060  __end_of__initialization 7FA8  
        __CFG_PBADEN$OFF 000000            ___rparam_used 000001           __pcstackCOMRAM 0001  
                __Hparam 0000                  __Lparam 0000                  __pcinit 7FA8  
                __ramtop 0600                  __ptext0 7FAE     end_of_initialization 7FA8  
    start_initialization 7FA8         __CFG_LPT1OSC$OFF 000000        __CFG_CCP2MX$PORTC 000000  
       __CFG_WDTPS$32768 000000                 __Hrparam 0000                 __Lrparam 0000  
     __CFG_BOREN$SBORDIS 000000            __size_of_main 0052              _OSCTUNEbits 000F9B  
             _OSCCONbits 000FD3        __CFG_FOSC$INTIO67 000000  
