
**** Build of configuration CPU1_RAM for project Control_v002 ****

"C:\\ti\\ccs1250\\ccs\\utils\\bin\\gmake" -k -j 8 all -O 
 
Building file: "C:/ti/controlSUITE/device_support/F2837xS/v130/F2837xS_common/source/F2837xS_CodeStartBranch.asm"
Invoking: C2000 Compiler
"C:/ti/ccs1250/ccs/tools/compiler/ti-cgt-c2000_15.12.7.LTS/bin/cl2000" -v28 -ml -mt --float_support=fpu32 --cla_support=cla1 --tmu_support=tmu0 --vcu_support=vcu2 -O2 --fp_mode=relaxed --include_path="C:/Users/mbaquero/Downloads/Argentina/ITBA/Doctorate Work/Experiments/Omnidirectional Robots/LAUNCHXL-F28377S/workspace_v12/Control_v002" --include_path="C:/ti/c2000/C2000Ware_5_02_00_00/driverlib/f2837xs/driverlib" --include_path="C:/ti/controlSUITE/device_support/F2837xS/v130/F2837xS_common/include" --include_path="C:/ti/controlSUITE/device_support/F2837xS/v130/F2837xS_headers/include" --include_path="C:/ti/ccs1250/ccs/tools/compiler/ti-cgt-c2000_15.12.7.LTS/include" --define=CPU1 --display_error_number --diag_warning=225 --diag_wrap=off --preproc_with_compile --preproc_dependency="F2837xS_CodeStartBranch.d_raw"  "C:/ti/controlSUITE/device_support/F2837xS/v130/F2837xS_common/source/F2837xS_CodeStartBranch.asm"
Finished building: "C:/ti/controlSUITE/device_support/F2837xS/v130/F2837xS_common/source/F2837xS_CodeStartBranch.asm"
 
Building file: "C:/ti/controlSUITE/device_support/F2837xS/v130/F2837xS_common/source/F2837xS_usDelay.asm"
Invoking: C2000 Compiler
"C:/ti/ccs1250/ccs/tools/compiler/ti-cgt-c2000_15.12.7.LTS/bin/cl2000" -v28 -ml -mt --float_support=fpu32 --cla_support=cla1 --tmu_support=tmu0 --vcu_support=vcu2 -O2 --fp_mode=relaxed --include_path="C:/Users/mbaquero/Downloads/Argentina/ITBA/Doctorate Work/Experiments/Omnidirectional Robots/LAUNCHXL-F28377S/workspace_v12/Control_v002" --include_path="C:/ti/c2000/C2000Ware_5_02_00_00/driverlib/f2837xs/driverlib" --include_path="C:/ti/controlSUITE/device_support/F2837xS/v130/F2837xS_common/include" --include_path="C:/ti/controlSUITE/device_support/F2837xS/v130/F2837xS_headers/include" --include_path="C:/ti/ccs1250/ccs/tools/compiler/ti-cgt-c2000_15.12.7.LTS/include" --define=CPU1 --display_error_number --diag_warning=225 --diag_wrap=off --preproc_with_compile --preproc_dependency="F2837xS_usDelay.d_raw"  "C:/ti/controlSUITE/device_support/F2837xS/v130/F2837xS_common/source/F2837xS_usDelay.asm"
Finished building: "C:/ti/controlSUITE/device_support/F2837xS/v130/F2837xS_common/source/F2837xS_usDelay.asm"
 
Building file: "../main.c"
Invoking: C2000 Compiler
"C:/ti/ccs1250/ccs/tools/compiler/ti-cgt-c2000_15.12.7.LTS/bin/cl2000" -v28 -ml -mt --float_support=fpu32 --cla_support=cla1 --tmu_support=tmu0 --vcu_support=vcu2 -O2 --fp_mode=relaxed --include_path="C:/Users/mbaquero/Downloads/Argentina/ITBA/Doctorate Work/Experiments/Omnidirectional Robots/LAUNCHXL-F28377S/workspace_v12/Control_v002" --include_path="C:/ti/c2000/C2000Ware_5_02_00_00/driverlib/f2837xs/driverlib" --include_path="C:/ti/controlSUITE/device_support/F2837xS/v130/F2837xS_common/include" --include_path="C:/ti/controlSUITE/device_support/F2837xS/v130/F2837xS_headers/include" --include_path="C:/ti/ccs1250/ccs/tools/compiler/ti-cgt-c2000_15.12.7.LTS/include" --define=CPU1 --display_error_number --diag_warning=225 --diag_wrap=off --preproc_with_compile --preproc_dependency="main.d_raw"  "../main.c"
Finished building: "../main.c"
 
Building file: "C:/ti/controlSUITE/device_support/F2837xS/v130/F2837xS_common/source/F2837xS_PieCtrl.c"
Invoking: C2000 Compiler
"C:/ti/ccs1250/ccs/tools/compiler/ti-cgt-c2000_15.12.7.LTS/bin/cl2000" -v28 -ml -mt --float_support=fpu32 --cla_support=cla1 --tmu_support=tmu0 --vcu_support=vcu2 -O2 --fp_mode=relaxed --include_path="C:/Users/mbaquero/Downloads/Argentina/ITBA/Doctorate Work/Experiments/Omnidirectional Robots/LAUNCHXL-F28377S/workspace_v12/Control_v002" --include_path="C:/ti/c2000/C2000Ware_5_02_00_00/driverlib/f2837xs/driverlib" --include_path="C:/ti/controlSUITE/device_support/F2837xS/v130/F2837xS_common/include" --include_path="C:/ti/controlSUITE/device_support/F2837xS/v130/F2837xS_headers/include" --include_path="C:/ti/ccs1250/ccs/tools/compiler/ti-cgt-c2000_15.12.7.LTS/include" --define=CPU1 --display_error_number --diag_warning=225 --diag_wrap=off --preproc_with_compile --preproc_dependency="F2837xS_PieCtrl.d_raw"  "C:/ti/controlSUITE/device_support/F2837xS/v130/F2837xS_common/source/F2837xS_PieCtrl.c"
Finished building: "C:/ti/controlSUITE/device_support/F2837xS/v130/F2837xS_common/source/F2837xS_PieCtrl.c"
 
Building file: "C:/ti/controlSUITE/device_support/F2837xS/v130/F2837xS_common/source/F2837xS_PieVect.c"
Invoking: C2000 Compiler
"C:/ti/ccs1250/ccs/tools/compiler/ti-cgt-c2000_15.12.7.LTS/bin/cl2000" -v28 -ml -mt --float_support=fpu32 --cla_support=cla1 --tmu_support=tmu0 --vcu_support=vcu2 -O2 --fp_mode=relaxed --include_path="C:/Users/mbaquero/Downloads/Argentina/ITBA/Doctorate Work/Experiments/Omnidirectional Robots/LAUNCHXL-F28377S/workspace_v12/Control_v002" --include_path="C:/ti/c2000/C2000Ware_5_02_00_00/driverlib/f2837xs/driverlib" --include_path="C:/ti/controlSUITE/device_support/F2837xS/v130/F2837xS_common/include" --include_path="C:/ti/controlSUITE/device_support/F2837xS/v130/F2837xS_headers/include" --include_path="C:/ti/ccs1250/ccs/tools/compiler/ti-cgt-c2000_15.12.7.LTS/include" --define=CPU1 --display_error_number --diag_warning=225 --diag_wrap=off --preproc_with_compile --preproc_dependency="F2837xS_PieVect.d_raw"  "C:/ti/controlSUITE/device_support/F2837xS/v130/F2837xS_common/source/F2837xS_PieVect.c"
Finished building: "C:/ti/controlSUITE/device_support/F2837xS/v130/F2837xS_common/source/F2837xS_PieVect.c"
 
Building file: "C:/ti/controlSUITE/device_support/F2837xS/v130/F2837xS_common/source/F2837xS_DefaultISR.c"
Invoking: C2000 Compiler
"C:/ti/ccs1250/ccs/tools/compiler/ti-cgt-c2000_15.12.7.LTS/bin/cl2000" -v28 -ml -mt --float_support=fpu32 --cla_support=cla1 --tmu_support=tmu0 --vcu_support=vcu2 -O2 --fp_mode=relaxed --include_path="C:/Users/mbaquero/Downloads/Argentina/ITBA/Doctorate Work/Experiments/Omnidirectional Robots/LAUNCHXL-F28377S/workspace_v12/Control_v002" --include_path="C:/ti/c2000/C2000Ware_5_02_00_00/driverlib/f2837xs/driverlib" --include_path="C:/ti/controlSUITE/device_support/F2837xS/v130/F2837xS_common/include" --include_path="C:/ti/controlSUITE/device_support/F2837xS/v130/F2837xS_headers/include" --include_path="C:/ti/ccs1250/ccs/tools/compiler/ti-cgt-c2000_15.12.7.LTS/include" --define=CPU1 --display_error_number --diag_warning=225 --diag_wrap=off --preproc_with_compile --preproc_dependency="F2837xS_DefaultISR.d_raw"  "C:/ti/controlSUITE/device_support/F2837xS/v130/F2837xS_common/source/F2837xS_DefaultISR.c"
Finished building: "C:/ti/controlSUITE/device_support/F2837xS/v130/F2837xS_common/source/F2837xS_DefaultISR.c"
 
Building file: "C:/ti/controlSUITE/device_support/F2837xS/v130/F2837xS_common/source/F2837xS_SysCtrl.c"
Invoking: C2000 Compiler
"C:/ti/ccs1250/ccs/tools/compiler/ti-cgt-c2000_15.12.7.LTS/bin/cl2000" -v28 -ml -mt --float_support=fpu32 --cla_support=cla1 --tmu_support=tmu0 --vcu_support=vcu2 -O2 --fp_mode=relaxed --include_path="C:/Users/mbaquero/Downloads/Argentina/ITBA/Doctorate Work/Experiments/Omnidirectional Robots/LAUNCHXL-F28377S/workspace_v12/Control_v002" --include_path="C:/ti/c2000/C2000Ware_5_02_00_00/driverlib/f2837xs/driverlib" --include_path="C:/ti/controlSUITE/device_support/F2837xS/v130/F2837xS_common/include" --include_path="C:/ti/controlSUITE/device_support/F2837xS/v130/F2837xS_headers/include" --include_path="C:/ti/ccs1250/ccs/tools/compiler/ti-cgt-c2000_15.12.7.LTS/include" --define=CPU1 --display_error_number --diag_warning=225 --diag_wrap=off --preproc_with_compile --preproc_dependency="F2837xS_SysCtrl.d_raw"  "C:/ti/controlSUITE/device_support/F2837xS/v130/F2837xS_common/source/F2837xS_SysCtrl.c"
Finished building: "C:/ti/controlSUITE/device_support/F2837xS/v130/F2837xS_common/source/F2837xS_SysCtrl.c"
 
Building file: "C:/ti/controlSUITE/device_support/F2837xS/v130/F2837xS_common/source/F2837xS_Gpio.c"
Invoking: C2000 Compiler
"C:/ti/ccs1250/ccs/tools/compiler/ti-cgt-c2000_15.12.7.LTS/bin/cl2000" -v28 -ml -mt --float_support=fpu32 --cla_support=cla1 --tmu_support=tmu0 --vcu_support=vcu2 -O2 --fp_mode=relaxed --include_path="C:/Users/mbaquero/Downloads/Argentina/ITBA/Doctorate Work/Experiments/Omnidirectional Robots/LAUNCHXL-F28377S/workspace_v12/Control_v002" --include_path="C:/ti/c2000/C2000Ware_5_02_00_00/driverlib/f2837xs/driverlib" --include_path="C:/ti/controlSUITE/device_support/F2837xS/v130/F2837xS_common/include" --include_path="C:/ti/controlSUITE/device_support/F2837xS/v130/F2837xS_headers/include" --include_path="C:/ti/ccs1250/ccs/tools/compiler/ti-cgt-c2000_15.12.7.LTS/include" --define=CPU1 --display_error_number --diag_warning=225 --diag_wrap=off --preproc_with_compile --preproc_dependency="F2837xS_Gpio.d_raw"  "C:/ti/controlSUITE/device_support/F2837xS/v130/F2837xS_common/source/F2837xS_Gpio.c"
Finished building: "C:/ti/controlSUITE/device_support/F2837xS/v130/F2837xS_common/source/F2837xS_Gpio.c"
 
Building file: "../src/3WD_OMRs_Controllers/3WD_OMRs_Controllers.c"
Invoking: C2000 Compiler
"C:/ti/ccs1250/ccs/tools/compiler/ti-cgt-c2000_15.12.7.LTS/bin/cl2000" -v28 -ml -mt --float_support=fpu32 --cla_support=cla1 --tmu_support=tmu0 --vcu_support=vcu2 -O2 --fp_mode=relaxed --include_path="C:/Users/mbaquero/Downloads/Argentina/ITBA/Doctorate Work/Experiments/Omnidirectional Robots/LAUNCHXL-F28377S/workspace_v12/Control_v002" --include_path="C:/ti/c2000/C2000Ware_5_02_00_00/driverlib/f2837xs/driverlib" --include_path="C:/ti/controlSUITE/device_support/F2837xS/v130/F2837xS_common/include" --include_path="C:/ti/controlSUITE/device_support/F2837xS/v130/F2837xS_headers/include" --include_path="C:/ti/ccs1250/ccs/tools/compiler/ti-cgt-c2000_15.12.7.LTS/include" --define=CPU1 --display_error_number --diag_warning=225 --diag_wrap=off --preproc_with_compile --preproc_dependency="src/3WD_OMRs_Controllers/3WD_OMRs_Controllers.d_raw" --obj_directory="src/3WD_OMRs_Controllers"  "../src/3WD_OMRs_Controllers/3WD_OMRs_Controllers.c"
Finished building: "../src/3WD_OMRs_Controllers/3WD_OMRs_Controllers.c"
 
Building file: "C:/ti/controlSUITE/device_support/F2837xS/v130/F2837xS_headers/source/F2837xS_GlobalVariableDefs.c"
Invoking: C2000 Compiler
"C:/ti/ccs1250/ccs/tools/compiler/ti-cgt-c2000_15.12.7.LTS/bin/cl2000" -v28 -ml -mt --float_support=fpu32 --cla_support=cla1 --tmu_support=tmu0 --vcu_support=vcu2 -O2 --fp_mode=relaxed --include_path="C:/Users/mbaquero/Downloads/Argentina/ITBA/Doctorate Work/Experiments/Omnidirectional Robots/LAUNCHXL-F28377S/workspace_v12/Control_v002" --include_path="C:/ti/c2000/C2000Ware_5_02_00_00/driverlib/f2837xs/driverlib" --include_path="C:/ti/controlSUITE/device_support/F2837xS/v130/F2837xS_common/include" --include_path="C:/ti/controlSUITE/device_support/F2837xS/v130/F2837xS_headers/include" --include_path="C:/ti/ccs1250/ccs/tools/compiler/ti-cgt-c2000_15.12.7.LTS/include" --define=CPU1 --display_error_number --diag_warning=225 --diag_wrap=off --preproc_with_compile --preproc_dependency="F2837xS_GlobalVariableDefs.d_raw"  "C:/ti/controlSUITE/device_support/F2837xS/v130/F2837xS_headers/source/F2837xS_GlobalVariableDefs.c"
Finished building: "C:/ti/controlSUITE/device_support/F2837xS/v130/F2837xS_headers/source/F2837xS_GlobalVariableDefs.c"
 
Building target: "Control_v002.out"
Invoking: C2000 Linker
"C:/ti/ccs1250/ccs/tools/compiler/ti-cgt-c2000_15.12.7.LTS/bin/cl2000" -v28 -ml -mt --float_support=fpu32 --cla_support=cla1 --tmu_support=tmu0 --vcu_support=vcu2 -O2 --fp_mode=relaxed --define=CPU1 --display_error_number --diag_warning=225 --diag_wrap=off -z -m"Control_v002.map" --heap_size=0x400 --stack_size=0x200 --warn_sections -i"C:/ti/ccs1250/ccs/tools/compiler/ti-cgt-c2000_15.12.7.LTS/lib" -i"C:/ti/controlSUITE/device_support/F2837xS/v130/F2837xS_common/cmd" -i"C:/ti/controlSUITE/device_support/F2837xS/v130/F2837xS_headers/cmd" -i"C:/ti/ccs1250/ccs/tools/compiler/ti-cgt-c2000_15.12.7.LTS/include" --reread_libs --display_error_number --diag_wrap=off --xml_link_info="Control_v002_linkInfo.xml" --entry_point=_c_int00 --rom_model -o "Control_v002.out" "./F2837xS_CodeStartBranch.obj" "./F2837xS_DefaultISR.obj" "./F2837xS_GlobalVariableDefs.obj" "./F2837xS_Gpio.obj" "./F2837xS_PieCtrl.obj" "./F2837xS_PieVect.obj" "./F2837xS_SysCtrl.obj" "./F2837xS_usDelay.obj" "./main.obj" "./src/3WD_OMRs_Controllers/3WD_OMRs_Controllers.obj"  -llibc.a -l"C:/ti/controlSUITE/device_support/F2837xS/v130/F2837xS_common/cmd/2837xS_Generic_RAM_lnk.cmd" -l"C:/ti/controlSUITE/device_support/F2837xS/v130/F2837xS_headers/cmd/F2837xS_Headers_nonBIOS.cmd" -l"C:/ti/ccs1250/ccs/tools/compiler/ti-cgt-c2000_15.12.7.LTS/lib/rts2800_fpu32.lib" 
<Linking>
Finished building target: "Control_v002.out"
 

**** Build Finished ****
